<?xml version="1.0" encoding="UTF-8"?>
<testsuite name="test3"
           tests="3"
           failures="0"
           errors="0"
           skipped="0"
           time="117.322">
    <properties></properties>



            <testcase
                name="tc0017_different_payment_mode_test"
                time="37.389"
                classname="testcases.TestCheckout">
            </testcase>
            <testcase
                name="tc0019_payment_details_test"
                time="40.046"
                classname="testcases.TestCheckout">
            </testcase>
            <testcase
                name="tc0018_invalid_card_payment_test"
                time="39.887"
                classname="testcases.TestCheckout">
            </testcase>
</testsuite>
