<?xml version="1.0" encoding="UTF-8"?>
<testsuite name="test2"
           tests="8"
           failures="1"
           errors="0"
           skipped="2"
           time="40.262">
    <properties></properties>

            <testcase
                name="browserLauncher"
                time="0.000"
                classname="testcases.TestAddToCart">

            <failure type="org.openqa.selenium.TimeoutException" message="java.util.concurrent.TimeoutException
Build info: version: &apos;4.0.0&apos;, revision: &apos;3a21814679&apos;
System info: host: &apos;DESKTOP-O7U6TD5&apos;, ip: &apos;192.168.1.10&apos;, os.name: &apos;Windows 10&apos;, os.arch: &apos;amd64&apos;, os.version: &apos;10.0&apos;, java.version: &apos;1.8.0_202&apos;
Driver info: org.openqa.selenium.chrome.ChromeDriver
Command: [ea23b9665153599096b20cfba94655e0, get {url=https://www.alexandnova.com/}]
Capabilities {acceptInsecureCerts: false, browserName: chrome, browserVersion: 102.0.5005.115, chrome: {chromedriverVersion: 102.0.5005.61 (0e59bcc00cc4..., userDataDir: C:\Users\colli\AppData\Loca...}, goog:chromeOptions: {debuggerAddress: localhost:65451}, javascriptEnabled: true, networkConnectionEnabled: false, pageLoadStrategy: normal, platform: WINDOWS, platformName: WINDOWS, proxy: Proxy(), se:cdp: ws://localhost:65451/devtoo..., se:cdpVersion: 102.0.5005.115, setWindowRect: true, strictFileInteractability: false, timeouts: {implicit: 0, pageLoad: 300000, script: 30000}, unhandledPromptBehavior: dismiss and notify, webauthn:extension:credBlob: true, webauthn:extension:largeBlob: true, webauthn:virtualAuthenticators: true}
Session ID: ea23b9665153599096b20cfba94655e0">
                <![CDATA[org.openqa.selenium.TimeoutException: java.util.concurrent.TimeoutException
Build info: version: '4.0.0', revision: '3a21814679'
System info: host: 'DESKTOP-O7U6TD5', ip: '192.168.1.10', os.name: 'Windows 10', os.arch: 'amd64', os.version: '10.0', java.version: '1.8.0_202'
Driver info: org.openqa.selenium.chrome.ChromeDriver
Command: [ea23b9665153599096b20cfba94655e0, get {url=https://www.alexandnova.com/}]
Capabilities {acceptInsecureCerts: false, browserName: chrome, browserVersion: 102.0.5005.115, chrome: {chromedriverVersion: 102.0.5005.61 (0e59bcc00cc4..., userDataDir: C:\Users\colli\AppData\Loca...}, goog:chromeOptions: {debuggerAddress: localhost:65451}, javascriptEnabled: true, networkConnectionEnabled: false, pageLoadStrategy: normal, platform: WINDOWS, platformName: WINDOWS, proxy: Proxy(), se:cdp: ws://localhost:65451/devtoo..., se:cdpVersion: 102.0.5005.115, setWindowRect: true, strictFileInteractability: false, timeouts: {implicit: 0, pageLoad: 300000, script: 30000}, unhandledPromptBehavior: dismiss and notify, webauthn:extension:credBlob: true, webauthn:extension:largeBlob: true, webauthn:virtualAuthenticators: true}
Session ID: ea23b9665153599096b20cfba94655e0
                org.openqa.selenium.remote.http.netty.NettyHttpHandler.makeCall(NettyHttpHandler.java:72)org.openqa.selenium.remote.http.AddSeleniumUserAgent.lambda$apply$0(AddSeleniumUserAgent.java:42)org.openqa.selenium.remote.http.Filter.lambda$andFinally$1(Filter.java:56)org.openqa.selenium.remote.http.netty.NettyHttpHandler.execute(NettyHttpHandler.java:51)org.openqa.selenium.remote.http.AddSeleniumUserAgent.lambda$apply$0(AddSeleniumUserAgent.java:42)org.openqa.selenium.remote.http.Filter.lambda$andFinally$1(Filter.java:56)org.openqa.selenium.remote.http.netty.NettyClient.execute(NettyClient.java:119)org.openqa.selenium.remote.HttpCommandExecutor.execute(HttpCommandExecutor.java:181)org.openqa.selenium.remote.service.DriverCommandExecutor.invokeExecute(DriverCommandExecutor.java:164)org.openqa.selenium.remote.service.DriverCommandExecutor.execute(DriverCommandExecutor.java:139)org.openqa.selenium.remote.RemoteWebDriver.execute(RemoteWebDriver.java:559)org.openqa.selenium.remote.RemoteWebDriver.get(RemoteWebDriver.java:328)testcases.TestAddToCart.browserLauncher(TestAddToCart.java:38)sun.reflect.NativeMethodAccessorImpl.invoke0(Native Method)sun.reflect.NativeMethodAccessorImpl.invoke(NativeMethodAccessorImpl.java:62)sun.reflect.DelegatingMethodAccessorImpl.invoke(DelegatingMethodAccessorImpl.java:43)java.lang.reflect.Method.invoke(Method.java:498)org.testng.internal.MethodInvocationHelper.invokeMethod(MethodInvocationHelper.java:84)org.testng.internal.Invoker.invokeConfigurationMethod(Invoker.java:564)org.testng.internal.Invoker.invokeConfigurations(Invoker.java:213)org.testng.internal.Invoker.invokeMethod(Invoker.java:653)org.testng.internal.Invoker.invokeTestMethod(Invoker.java:901)org.testng.internal.Invoker.invokeTestMethods(Invoker.java:1231)org.testng.internal.TestMethodWorker.invokeTestMethods(TestMethodWorker.java:127)org.testng.internal.TestMethodWorker.run(TestMethodWorker.java:111)org.testng.TestRunner.privateRun(TestRunner.java:767)org.testng.TestRunner.run(TestRunner.java:617)org.testng.SuiteRunner.runTest(SuiteRunner.java:348)org.testng.SuiteRunner.runSequentially(SuiteRunner.java:343)org.testng.SuiteRunner.privateRun(SuiteRunner.java:305)org.testng.SuiteRunner.run(SuiteRunner.java:254)org.testng.SuiteRunnerWorker.runSuite(SuiteRunnerWorker.java:52)org.testng.SuiteRunnerWorker.run(SuiteRunnerWorker.java:86)org.testng.TestNG.runSuitesSequentially(TestNG.java:1224)org.testng.TestNG.runSuitesLocally(TestNG.java:1149)org.testng.TestNG.run(TestNG.java:1057)com.intellij.rt.testng.IDEARemoteTestNG.run(IDEARemoteTestNG.java:66)com.intellij.rt.testng.RemoteTestNGStarter.main(RemoteTestNGStarter.java:109)
                    Caused by: java.util.concurrent.TimeoutException
                    java.util.concurrent.CompletableFuture.timedGet(CompletableFuture.java:1771)java.util.concurrent.CompletableFuture.get(CompletableFuture.java:1915)org.asynchttpclient.netty.NettyResponseFuture.get(NettyResponseFuture.java:206)org.openqa.selenium.remote.http.netty.NettyHttpHandler.makeCall(NettyHttpHandler.java:66)org.openqa.selenium.remote.http.AddSeleniumUserAgent.lambda$apply$0(AddSeleniumUserAgent.java:42)org.openqa.selenium.remote.http.Filter.lambda$andFinally$1(Filter.java:56)org.openqa.selenium.remote.http.netty.NettyHttpHandler.execute(NettyHttpHandler.java:51)org.openqa.selenium.remote.http.AddSeleniumUserAgent.lambda$apply$0(AddSeleniumUserAgent.java:42)org.openqa.selenium.remote.http.Filter.lambda$andFinally$1(Filter.java:56)org.openqa.selenium.remote.http.netty.NettyClient.execute(NettyClient.java:119)org.openqa.selenium.remote.HttpCommandExecutor.execute(HttpCommandExecutor.java:181)org.openqa.selenium.remote.service.DriverCommandExecutor.invokeExecute(DriverCommandExecutor.java:164)org.openqa.selenium.remote.service.DriverCommandExecutor.execute(DriverCommandExecutor.java:139)org.openqa.selenium.remote.RemoteWebDriver.execute(RemoteWebDriver.java:559)org.openqa.selenium.remote.RemoteWebDriver.get(RemoteWebDriver.java:328)testcases.TestAddToCart.browserLauncher(TestAddToCart.java:38)sun.reflect.NativeMethodAccessorImpl.invoke0(Native Method)sun.reflect.NativeMethodAccessorImpl.invoke(NativeMethodAccessorImpl.java:62)sun.reflect.DelegatingMethodAccessorImpl.invoke(DelegatingMethodAccessorImpl.java:43)java.lang.reflect.Method.invoke(Method.java:498)org.testng.internal.MethodInvocationHelper.invokeMethod(MethodInvocationHelper.java:84)org.testng.internal.Invoker.invokeConfigurationMethod(Invoker.java:564)org.testng.internal.Invoker.invokeConfigurations(Invoker.java:213)org.testng.internal.Invoker.invokeMethod(Invoker.java:653)org.testng.internal.Invoker.invokeTestMethod(Invoker.java:901)org.testng.internal.Invoker.invokeTestMethods(Invoker.java:1231)org.testng.internal.TestMethodWorker.invokeTestMethods(TestMethodWorker.java:127)org.testng.internal.TestMethodWorker.run(TestMethodWorker.java:111)org.testng.TestRunner.privateRun(TestRunner.java:767)org.testng.TestRunner.run(TestRunner.java:617)org.testng.SuiteRunner.runTest(SuiteRunner.java:348)org.testng.SuiteRunner.runSequentially(SuiteRunner.java:343)org.testng.SuiteRunner.privateRun(SuiteRunner.java:305)org.testng.SuiteRunner.run(SuiteRunner.java:254)org.testng.SuiteRunnerWorker.runSuite(SuiteRunnerWorker.java:52)org.testng.SuiteRunnerWorker.run(SuiteRunnerWorker.java:86)org.testng.TestNG.runSuitesSequentially(TestNG.java:1224)org.testng.TestNG.runSuitesLocally(TestNG.java:1149)org.testng.TestNG.run(TestNG.java:1057)com.intellij.rt.testng.IDEARemoteTestNG.run(IDEARemoteTestNG.java:66)com.intellij.rt.testng.RemoteTestNGStarter.main(RemoteTestNGStarter.java:109)
                ]]>
            </failure>
    </testcase>

            <testcase
                name="recordResults"
                time="0.0"
                classname="testcases.TestAddToCart">
            </testcase>
            <testcase
                name="tc0015_remove_product_from_cart_test"
                time="0.0"
                classname="testcases.TestAddToCart">
            </testcase>

            <testcase
                name="tc0012_refresh_page_test"
                time="12.568"
                classname="testcases.TestAddToCart">
            </testcase>
            <testcase
                name="tc0010_verify_product_display_price_test"
                time="6.498"
                classname="testcases.TestAddToCart">
            </testcase>
            <testcase
                name="tc0011_verify_product_is_added_to_cart_test"
                time="6.683"
                classname="testcases.TestAddToCart">
            </testcase>
            <testcase
                name="tc0013_increase_quantity_test"
                time="7.416"
                classname="testcases.TestAddToCart">
            </testcase>
            <testcase
                name="tc0014_verify_correct_amount_in_cart_test"
                time="7.097"
                classname="testcases.TestAddToCart">
            </testcase>
</testsuite>
